{"LEVEL":"ERROR","TIME":"2025-01-16T09:57:33.738+0700","CALLER":"logger/logger.go:207","FUNC":"github.com/baothaihcmut/Ecommerce-Go/libs/pkg/logger.(*logger).Error","MESSAGE":"msg%!(EXTRA string=failed to register service, string=err, *url.Error=Put \"http://localhost:8500/v1/agent/service/register\": dial tcp [::1]:8500: connect: connection refused)","UUID":"e69ed06a-4d7d-49a8-a391-4d506f9e1aa3"}
{"LEVEL":"INFO","TIME":"2025-01-16T09:57:57.902+0700","CALLER":"logger/logger.go:175","FUNC":"github.com/baothaihcmut/Ecommerce-Go/libs/pkg/logger.(*logger).Info","MESSAGE":"Server started successfully 🚀","UUID":"6ccd55df-4072-49f5-a3ba-c7a127b9ea9c"}
{"LEVEL":"ERROR","TIME":"2025-01-16T09:58:37.233+0700","CALLER":"logger/logger.go:207","FUNC":"github.com/baothaihcmut/Ecommerce-Go/libs/pkg/logger.(*logger).Error","MESSAGE":"err%!(EXTRA *status.Error=rpc error: code = Internal desc = sql: no rows in result set, string=stackTrace, string=unknown)","UUID":"6ccd55df-4072-49f5-a3ba-c7a127b9ea9c"}
{"LEVEL":"ERROR","TIME":"2025-01-16T10:06:42.595+0700","CALLER":"logger/logger.go:207","FUNC":"github.com/baothaihcmut/Ecommerce-Go/libs/pkg/logger.(*logger).Error","MESSAGE":"exit%!(EXTRA *errors.errorString=interrupt)","UUID":"6ccd55df-4072-49f5-a3ba-c7a127b9ea9c"}
{"LEVEL":"INFO","TIME":"2025-01-16T10:06:45.611+0700","CALLER":"logger/logger.go:175","FUNC":"github.com/baothaihcmut/Ecommerce-Go/libs/pkg/logger.(*logger).Info","MESSAGE":"Server started successfully 🚀","UUID":"bf2fb0a2-9369-4cb7-aec7-5d13913e0328"}
{"LEVEL":"ERROR","TIME":"2025-01-16T10:07:08.248+0700","CALLER":"logger/logger.go:207","FUNC":"github.com/baothaihcmut/Ecommerce-Go/libs/pkg/logger.(*logger).Error","MESSAGE":"err%!(EXTRA *status.Error=rpc error: code = Internal desc = driver: bad connection, string=stackTrace, string=unknown)","UUID":"bf2fb0a2-9369-4cb7-aec7-5d13913e0328"}
{"LEVEL":"ERROR","TIME":"2025-01-16T10:07:48.166+0700","CALLER":"logger/logger.go:207","FUNC":"github.com/baothaihcmut/Ecommerce-Go/libs/pkg/logger.(*logger).Error","MESSAGE":"err%!(EXTRA *status.Error=rpc error: code = Internal desc = driver: bad connection, string=stackTrace, string=unknown)","UUID":"bf2fb0a2-9369-4cb7-aec7-5d13913e0328"}
{"LEVEL":"ERROR","TIME":"2025-01-16T10:09:48.165+0700","CALLER":"logger/logger.go:207","FUNC":"github.com/baothaihcmut/Ecommerce-Go/libs/pkg/logger.(*logger).Error","MESSAGE":"exit%!(EXTRA *errors.errorString=interrupt)","UUID":"bf2fb0a2-9369-4cb7-aec7-5d13913e0328"}
{"LEVEL":"INFO","TIME":"2025-01-16T10:09:51.147+0700","CALLER":"logger/logger.go:175","FUNC":"github.com/baothaihcmut/Ecommerce-Go/libs/pkg/logger.(*logger).Info","MESSAGE":"Server started successfully 🚀","UUID":"4cdc55ba-772a-4a9b-891a-c2e368d28d8d"}
{"LEVEL":"ERROR","TIME":"2025-01-16T10:10:06.362+0700","CALLER":"logger/logger.go:207","FUNC":"github.com/baothaihcmut/Ecommerce-Go/libs/pkg/logger.(*logger).Error","MESSAGE":"exit%!(EXTRA *errors.errorString=interrupt)","UUID":"4cdc55ba-772a-4a9b-891a-c2e368d28d8d"}
{"LEVEL":"INFO","TIME":"2025-01-16T10:29:10.184+0700","CALLER":"logger/logger.go:175","FUNC":"github.com/baothaihcmut/Ecommerce-Go/libs/pkg/logger.(*logger).Info","MESSAGE":"Server started successfully 🚀","UUID":"aa4d480c-697e-457c-b6f8-ba804fbd3b28"}
{"LEVEL":"ERROR","TIME":"2025-01-16T10:29:29.303+0700","CALLER":"logger/logger.go:207","FUNC":"github.com/baothaihcmut/Ecommerce-Go/libs/pkg/logger.(*logger).Error","MESSAGE":"err%!(EXTRA *status.Error=rpc error: code = Internal desc = driver: bad connection, string=stackTrace, string=unknown)","UUID":"aa4d480c-697e-457c-b6f8-ba804fbd3b28"}
{"LEVEL":"ERROR","TIME":"2025-01-16T10:34:25.324+0700","CALLER":"logger/logger.go:207","FUNC":"github.com/baothaihcmut/Ecommerce-Go/libs/pkg/logger.(*logger).Error","MESSAGE":"exit%!(EXTRA *errors.errorString=interrupt)","UUID":"aa4d480c-697e-457c-b6f8-ba804fbd3b28"}
{"LEVEL":"INFO","TIME":"2025-01-16T10:34:28.117+0700","CALLER":"logger/logger.go:175","FUNC":"github.com/baothaihcmut/Ecommerce-Go/libs/pkg/logger.(*logger).Info","MESSAGE":"Server started successfully 🚀","UUID":"223bc81e-bcdb-4029-8b8e-2d187920b7a5"}
{"LEVEL":"ERROR","TIME":"2025-01-16T10:35:39.505+0700","CALLER":"logger/logger.go:207","FUNC":"github.com/baothaihcmut/Ecommerce-Go/libs/pkg/logger.(*logger).Error","MESSAGE":"err%!(EXTRA *status.Error=rpc error: code = AlreadyExists desc = email exist, string=stackTrace, string=unknown)","UUID":"223bc81e-bcdb-4029-8b8e-2d187920b7a5"}
{"LEVEL":"ERROR","TIME":"2025-01-16T10:36:04.074+0700","CALLER":"logger/logger.go:207","FUNC":"github.com/baothaihcmut/Ecommerce-Go/libs/pkg/logger.(*logger).Error","MESSAGE":"err%!(EXTRA *status.Error=rpc error: code = AlreadyExists desc = email exist, string=stackTrace, string=unknown)","UUID":"223bc81e-bcdb-4029-8b8e-2d187920b7a5"}
{"LEVEL":"ERROR","TIME":"2025-01-16T10:36:19.369+0700","CALLER":"logger/logger.go:207","FUNC":"github.com/baothaihcmut/Ecommerce-Go/libs/pkg/logger.(*logger).Error","MESSAGE":"err%!(EXTRA *status.Error=rpc error: code = Internal desc = driver: bad connection, string=stackTrace, string=unknown)","UUID":"223bc81e-bcdb-4029-8b8e-2d187920b7a5"}
{"LEVEL":"ERROR","TIME":"2025-01-16T10:36:44.488+0700","CALLER":"logger/logger.go:207","FUNC":"github.com/baothaihcmut/Ecommerce-Go/libs/pkg/logger.(*logger).Error","MESSAGE":"err%!(EXTRA *status.Error=rpc error: code = Internal desc = driver: bad connection, string=stackTrace, string=unknown)","UUID":"223bc81e-bcdb-4029-8b8e-2d187920b7a5"}
{"LEVEL":"ERROR","TIME":"2025-01-16T10:39:06.929+0700","CALLER":"logger/logger.go:207","FUNC":"github.com/baothaihcmut/Ecommerce-Go/libs/pkg/logger.(*logger).Error","MESSAGE":"exit%!(EXTRA *errors.errorString=interrupt)","UUID":"223bc81e-bcdb-4029-8b8e-2d187920b7a5"}
{"LEVEL":"INFO","TIME":"2025-01-16T10:39:11.193+0700","CALLER":"logger/logger.go:175","FUNC":"github.com/baothaihcmut/Ecommerce-Go/libs/pkg/logger.(*logger).Info","MESSAGE":"Server started successfully 🚀","UUID":"d85e1573-bd28-44cd-9e72-c02b8d18054c"}
{"LEVEL":"ERROR","TIME":"2025-01-16T10:39:29.615+0700","CALLER":"logger/logger.go:207","FUNC":"github.com/baothaihcmut/Ecommerce-Go/libs/pkg/logger.(*logger).Error","MESSAGE":"err%!(EXTRA *status.Error=rpc error: code = Internal desc = driver: bad connection, string=stackTrace, string=unknown)","UUID":"d85e1573-bd28-44cd-9e72-c02b8d18054c"}
{"LEVEL":"ERROR","TIME":"2025-01-16T10:46:07.628+0700","CALLER":"logger/logger.go:207","FUNC":"github.com/baothaihcmut/Ecommerce-Go/libs/pkg/logger.(*logger).Error","MESSAGE":"exit%!(EXTRA *errors.errorString=interrupt)","UUID":"d85e1573-bd28-44cd-9e72-c02b8d18054c"}
{"LEVEL":"INFO","TIME":"2025-01-16T10:46:10.425+0700","CALLER":"logger/logger.go:175","FUNC":"github.com/baothaihcmut/Ecommerce-Go/libs/pkg/logger.(*logger).Info","MESSAGE":"Server started successfully 🚀","UUID":"4ba018a7-3fcb-4174-803f-0fdf1a00c385"}
{"LEVEL":"ERROR","TIME":"2025-01-16T10:46:13.775+0700","CALLER":"logger/logger.go:207","FUNC":"github.com/baothaihcmut/Ecommerce-Go/libs/pkg/logger.(*logger).Error","MESSAGE":"err%!(EXTRA *status.Error=rpc error: code = Internal desc = driver: bad connection, string=stackTrace, string=unknown)","UUID":"4ba018a7-3fcb-4174-803f-0fdf1a00c385"}
{"LEVEL":"ERROR","TIME":"2025-01-16T10:46:43.366+0700","CALLER":"logger/logger.go:207","FUNC":"github.com/baothaihcmut/Ecommerce-Go/libs/pkg/logger.(*logger).Error","MESSAGE":"exit%!(EXTRA *errors.errorString=interrupt)","UUID":"4ba018a7-3fcb-4174-803f-0fdf1a00c385"}
{"LEVEL":"INFO","TIME":"2025-01-16T10:46:46.161+0700","CALLER":"logger/logger.go:175","FUNC":"github.com/baothaihcmut/Ecommerce-Go/libs/pkg/logger.(*logger).Info","MESSAGE":"Server started successfully 🚀","UUID":"b4702012-9e1c-44d7-aaea-5509fccca3b7"}
{"LEVEL":"ERROR","TIME":"2025-01-16T10:46:58.505+0700","CALLER":"logger/logger.go:207","FUNC":"github.com/baothaihcmut/Ecommerce-Go/libs/pkg/logger.(*logger).Error","MESSAGE":"err%!(EXTRA *status.Error=rpc error: code = Internal desc = driver: bad connection, string=stackTrace, string=unknown)","UUID":"b4702012-9e1c-44d7-aaea-5509fccca3b7"}
{"LEVEL":"ERROR","TIME":"2025-01-16T10:58:28.546+0700","CALLER":"logger/logger.go:207","FUNC":"github.com/baothaihcmut/Ecommerce-Go/libs/pkg/logger.(*logger).Error","MESSAGE":"exit%!(EXTRA *errors.errorString=interrupt)","UUID":"b4702012-9e1c-44d7-aaea-5509fccca3b7"}
{"LEVEL":"INFO","TIME":"2025-01-16T10:58:31.327+0700","CALLER":"logger/logger.go:175","FUNC":"github.com/baothaihcmut/Ecommerce-Go/libs/pkg/logger.(*logger).Info","MESSAGE":"Server started successfully 🚀","UUID":"30358a96-e52b-46a0-a55e-f53b0c9205a9"}
{"LEVEL":"ERROR","TIME":"2025-01-16T10:58:34.713+0700","CALLER":"logger/logger.go:207","FUNC":"github.com/baothaihcmut/Ecommerce-Go/libs/pkg/logger.(*logger).Error","MESSAGE":"err%!(EXTRA *status.Error=rpc error: code = Internal desc = driver: bad connection, string=stackTrace, string=unknown)","UUID":"30358a96-e52b-46a0-a55e-f53b0c9205a9"}
{"LEVEL":"ERROR","TIME":"2025-01-16T10:58:43.425+0700","CALLER":"logger/logger.go:207","FUNC":"github.com/baothaihcmut/Ecommerce-Go/libs/pkg/logger.(*logger).Error","MESSAGE":"err%!(EXTRA *status.Error=rpc error: code = Internal desc = driver: bad connection, string=stackTrace, string=unknown)","UUID":"30358a96-e52b-46a0-a55e-f53b0c9205a9"}
{"LEVEL":"ERROR","TIME":"2025-01-16T10:59:26.456+0700","CALLER":"logger/logger.go:207","FUNC":"github.com/baothaihcmut/Ecommerce-Go/libs/pkg/logger.(*logger).Error","MESSAGE":"exit%!(EXTRA *errors.errorString=interrupt)","UUID":"30358a96-e52b-46a0-a55e-f53b0c9205a9"}
{"LEVEL":"INFO","TIME":"2025-01-16T10:59:29.192+0700","CALLER":"logger/logger.go:175","FUNC":"github.com/baothaihcmut/Ecommerce-Go/libs/pkg/logger.(*logger).Info","MESSAGE":"Server started successfully 🚀","UUID":"04339385-f58a-4946-b8ca-64ced25096bc"}
{"LEVEL":"ERROR","TIME":"2025-01-16T10:59:33.885+0700","CALLER":"logger/logger.go:207","FUNC":"github.com/baothaihcmut/Ecommerce-Go/libs/pkg/logger.(*logger).Error","MESSAGE":"err%!(EXTRA *status.Error=rpc error: code = Internal desc = driver: bad connection, string=stackTrace, string=unknown)","UUID":"04339385-f58a-4946-b8ca-64ced25096bc"}
{"LEVEL":"ERROR","TIME":"2025-01-16T10:59:40.685+0700","CALLER":"logger/logger.go:207","FUNC":"github.com/baothaihcmut/Ecommerce-Go/libs/pkg/logger.(*logger).Error","MESSAGE":"err%!(EXTRA *status.Error=rpc error: code = Internal desc = driver: bad connection, string=stackTrace, string=unknown)","UUID":"04339385-f58a-4946-b8ca-64ced25096bc"}
{"LEVEL":"ERROR","TIME":"2025-01-16T10:59:43.828+0700","CALLER":"logger/logger.go:207","FUNC":"github.com/baothaihcmut/Ecommerce-Go/libs/pkg/logger.(*logger).Error","MESSAGE":"err%!(EXTRA *status.Error=rpc error: code = Internal desc = driver: bad connection, string=stackTrace, string=unknown)","UUID":"04339385-f58a-4946-b8ca-64ced25096bc"}
{"LEVEL":"ERROR","TIME":"2025-01-16T10:59:47.410+0700","CALLER":"logger/logger.go:207","FUNC":"github.com/baothaihcmut/Ecommerce-Go/libs/pkg/logger.(*logger).Error","MESSAGE":"err%!(EXTRA *status.Error=rpc error: code = Internal desc = driver: bad connection, string=stackTrace, string=unknown)","UUID":"04339385-f58a-4946-b8ca-64ced25096bc"}
{"LEVEL":"ERROR","TIME":"2025-01-16T10:59:59.887+0700","CALLER":"logger/logger.go:207","FUNC":"github.com/baothaihcmut/Ecommerce-Go/libs/pkg/logger.(*logger).Error","MESSAGE":"err%!(EXTRA *status.Error=rpc error: code = Internal desc = driver: bad connection, string=stackTrace, string=unknown)","UUID":"04339385-f58a-4946-b8ca-64ced25096bc"}
{"LEVEL":"ERROR","TIME":"2025-01-16T11:00:02.676+0700","CALLER":"logger/logger.go:207","FUNC":"github.com/baothaihcmut/Ecommerce-Go/libs/pkg/logger.(*logger).Error","MESSAGE":"err%!(EXTRA *status.Error=rpc error: code = Internal desc = driver: bad connection, string=stackTrace, string=unknown)","UUID":"04339385-f58a-4946-b8ca-64ced25096bc"}
{"LEVEL":"ERROR","TIME":"2025-01-16T11:01:53.801+0700","CALLER":"logger/logger.go:207","FUNC":"github.com/baothaihcmut/Ecommerce-Go/libs/pkg/logger.(*logger).Error","MESSAGE":"exit%!(EXTRA *errors.errorString=interrupt)","UUID":"04339385-f58a-4946-b8ca-64ced25096bc"}
{"LEVEL":"INFO","TIME":"2025-01-16T11:01:56.766+0700","CALLER":"logger/logger.go:175","FUNC":"github.com/baothaihcmut/Ecommerce-Go/libs/pkg/logger.(*logger).Info","MESSAGE":"Server started successfully 🚀","UUID":"004e2d50-b5e2-4ec7-9103-04cf14b58888"}
{"LEVEL":"ERROR","TIME":"2025-01-16T11:02:00.539+0700","CALLER":"logger/logger.go:207","FUNC":"github.com/baothaihcmut/Ecommerce-Go/libs/pkg/logger.(*logger).Error","MESSAGE":"err%!(EXTRA *status.Error=rpc error: code = Internal desc = driver: bad connection, string=stackTrace, string=unknown)","UUID":"004e2d50-b5e2-4ec7-9103-04cf14b58888"}
{"LEVEL":"ERROR","TIME":"2025-01-16T11:02:10.373+0700","CALLER":"logger/logger.go:207","FUNC":"github.com/baothaihcmut/Ecommerce-Go/libs/pkg/logger.(*logger).Error","MESSAGE":"exit%!(EXTRA *errors.errorString=interrupt)","UUID":"004e2d50-b5e2-4ec7-9103-04cf14b58888"}
{"LEVEL":"INFO","TIME":"2025-01-16T11:02:12.848+0700","CALLER":"logger/logger.go:175","FUNC":"github.com/baothaihcmut/Ecommerce-Go/libs/pkg/logger.(*logger).Info","MESSAGE":"Server started successfully 🚀","UUID":"bbd8082d-c7ee-42bd-98d3-d7171aa6e214"}
{"LEVEL":"ERROR","TIME":"2025-01-16T11:02:20.163+0700","CALLER":"logger/logger.go:207","FUNC":"github.com/baothaihcmut/Ecommerce-Go/libs/pkg/logger.(*logger).Error","MESSAGE":"err%!(EXTRA *status.Error=rpc error: code = Internal desc = driver: bad connection, string=stackTrace, string=unknown)","UUID":"bbd8082d-c7ee-42bd-98d3-d7171aa6e214"}
{"LEVEL":"ERROR","TIME":"2025-01-16T11:08:46.700+0700","CALLER":"logger/logger.go:207","FUNC":"github.com/baothaihcmut/Ecommerce-Go/libs/pkg/logger.(*logger).Error","MESSAGE":"exit%!(EXTRA *errors.errorString=interrupt)","UUID":"bbd8082d-c7ee-42bd-98d3-d7171aa6e214"}
{"LEVEL":"INFO","TIME":"2025-01-16T11:24:44.565+0700","CALLER":"logger/logger.go:175","FUNC":"github.com/baothaihcmut/Ecommerce-Go/libs/pkg/logger.(*logger).Info","MESSAGE":"Server started successfully 🚀","UUID":"70965e02-f8ab-40e2-a197-f4c53969eb2d"}
{"LEVEL":"ERROR","TIME":"2025-01-16T11:25:01.795+0700","CALLER":"logger/logger.go:207","FUNC":"github.com/baothaihcmut/Ecommerce-Go/libs/pkg/logger.(*logger).Error","MESSAGE":"err%!(EXTRA *status.Error=rpc error: code = Internal desc = driver: bad connection, string=stackTrace, string=unknown)","UUID":"70965e02-f8ab-40e2-a197-f4c53969eb2d"}
{"LEVEL":"ERROR","TIME":"2025-01-16T11:25:17.408+0700","CALLER":"logger/logger.go:207","FUNC":"github.com/baothaihcmut/Ecommerce-Go/libs/pkg/logger.(*logger).Error","MESSAGE":"err%!(EXTRA *status.Error=rpc error: code = Internal desc = driver: bad connection, string=stackTrace, string=unknown)","UUID":"70965e02-f8ab-40e2-a197-f4c53969eb2d"}
{"LEVEL":"ERROR","TIME":"2025-01-16T11:26:23.845+0700","CALLER":"logger/logger.go:207","FUNC":"github.com/baothaihcmut/Ecommerce-Go/libs/pkg/logger.(*logger).Error","MESSAGE":"exit%!(EXTRA *errors.errorString=interrupt)","UUID":"70965e02-f8ab-40e2-a197-f4c53969eb2d"}
{"LEVEL":"INFO","TIME":"2025-01-16T11:26:26.634+0700","CALLER":"logger/logger.go:175","FUNC":"github.com/baothaihcmut/Ecommerce-Go/libs/pkg/logger.(*logger).Info","MESSAGE":"Server started successfully 🚀","UUID":"c767c4cf-1b5e-40be-bfeb-1b269d366c5d"}
{"LEVEL":"ERROR","TIME":"2025-01-16T11:26:30.025+0700","CALLER":"logger/logger.go:207","FUNC":"github.com/baothaihcmut/Ecommerce-Go/libs/pkg/logger.(*logger).Error","MESSAGE":"err%!(EXTRA *status.Error=rpc error: code = Internal desc = driver: bad connection, string=stackTrace, string=unknown)","UUID":"c767c4cf-1b5e-40be-bfeb-1b269d366c5d"}
{"LEVEL":"ERROR","TIME":"2025-01-16T11:28:34.374+0700","CALLER":"logger/logger.go:207","FUNC":"github.com/baothaihcmut/Ecommerce-Go/libs/pkg/logger.(*logger).Error","MESSAGE":"exit%!(EXTRA *errors.errorString=interrupt)","UUID":"c767c4cf-1b5e-40be-bfeb-1b269d366c5d"}
{"LEVEL":"INFO","TIME":"2025-01-16T11:28:36.986+0700","CALLER":"logger/logger.go:175","FUNC":"github.com/baothaihcmut/Ecommerce-Go/libs/pkg/logger.(*logger).Info","MESSAGE":"Server started successfully 🚀","UUID":"17e1a53d-95e2-4be6-a2d8-544fec3be430"}
{"LEVEL":"ERROR","TIME":"2025-01-16T11:28:41.044+0700","CALLER":"logger/logger.go:207","FUNC":"github.com/baothaihcmut/Ecommerce-Go/libs/pkg/logger.(*logger).Error","MESSAGE":"err%!(EXTRA *status.Error=rpc error: code = Internal desc = driver: bad connection, string=stackTrace, string=unknown)","UUID":"17e1a53d-95e2-4be6-a2d8-544fec3be430"}
{"LEVEL":"ERROR","TIME":"2025-01-16T11:29:33.418+0700","CALLER":"logger/logger.go:207","FUNC":"github.com/baothaihcmut/Ecommerce-Go/libs/pkg/logger.(*logger).Error","MESSAGE":"exit%!(EXTRA *errors.errorString=interrupt)","UUID":"17e1a53d-95e2-4be6-a2d8-544fec3be430"}
{"LEVEL":"INFO","TIME":"2025-01-16T11:29:35.901+0700","CALLER":"logger/logger.go:175","FUNC":"github.com/baothaihcmut/Ecommerce-Go/libs/pkg/logger.(*logger).Info","MESSAGE":"Server started successfully 🚀","UUID":"88d5bd86-6086-42c5-a94d-e9db01fd72ac"}
{"LEVEL":"ERROR","TIME":"2025-01-16T11:29:39.164+0700","CALLER":"logger/logger.go:207","FUNC":"github.com/baothaihcmut/Ecommerce-Go/libs/pkg/logger.(*logger).Error","MESSAGE":"err%!(EXTRA *status.Error=rpc error: code = AlreadyExists desc = phone number exist, string=stackTrace, string=unknown)","UUID":"88d5bd86-6086-42c5-a94d-e9db01fd72ac"}
{"LEVEL":"ERROR","TIME":"2025-01-16T11:30:00.069+0700","CALLER":"logger/logger.go:207","FUNC":"github.com/baothaihcmut/Ecommerce-Go/libs/pkg/logger.(*logger).Error","MESSAGE":"err%!(EXTRA *status.Error=rpc error: code = Internal desc = driver: bad connection, string=stackTrace, string=unknown)","UUID":"88d5bd86-6086-42c5-a94d-e9db01fd72ac"}
{"LEVEL":"ERROR","TIME":"2025-01-16T11:33:22.977+0700","CALLER":"logger/logger.go:207","FUNC":"github.com/baothaihcmut/Ecommerce-Go/libs/pkg/logger.(*logger).Error","MESSAGE":"exit%!(EXTRA *errors.errorString=interrupt)","UUID":"88d5bd86-6086-42c5-a94d-e9db01fd72ac"}
{"LEVEL":"INFO","TIME":"2025-01-16T11:33:26.021+0700","CALLER":"logger/logger.go:175","FUNC":"github.com/baothaihcmut/Ecommerce-Go/libs/pkg/logger.(*logger).Info","MESSAGE":"Server started successfully 🚀","UUID":"6b463ca8-385d-439f-b9b5-6bc791037e70"}
{"LEVEL":"ERROR","TIME":"2025-01-16T11:33:28.700+0700","CALLER":"logger/logger.go:207","FUNC":"github.com/baothaihcmut/Ecommerce-Go/libs/pkg/logger.(*logger).Error","MESSAGE":"err%!(EXTRA *status.Error=rpc error: code = Internal desc = driver: bad connection, string=stackTrace, string=unknown)","UUID":"6b463ca8-385d-439f-b9b5-6bc791037e70"}
{"LEVEL":"ERROR","TIME":"2025-01-16T11:36:01.792+0700","CALLER":"logger/logger.go:207","FUNC":"github.com/baothaihcmut/Ecommerce-Go/libs/pkg/logger.(*logger).Error","MESSAGE":"exit%!(EXTRA *errors.errorString=interrupt)","UUID":"6b463ca8-385d-439f-b9b5-6bc791037e70"}
{"LEVEL":"INFO","TIME":"2025-01-16T11:36:04.585+0700","CALLER":"logger/logger.go:175","FUNC":"github.com/baothaihcmut/Ecommerce-Go/libs/pkg/logger.(*logger).Info","MESSAGE":"Server started successfully 🚀","UUID":"16fd553d-fff5-4072-8ff6-ec34b8a2bc24"}
{"LEVEL":"ERROR","TIME":"2025-01-16T11:36:14.190+0700","CALLER":"logger/logger.go:207","FUNC":"github.com/baothaihcmut/Ecommerce-Go/libs/pkg/logger.(*logger).Error","MESSAGE":"err%!(EXTRA *status.Error=rpc error: code = AlreadyExists desc = email exist, string=stackTrace, string=unknown)","UUID":"16fd553d-fff5-4072-8ff6-ec34b8a2bc24"}
{"LEVEL":"ERROR","TIME":"2025-01-16T11:36:17.883+0700","CALLER":"logger/logger.go:207","FUNC":"github.com/baothaihcmut/Ecommerce-Go/libs/pkg/logger.(*logger).Error","MESSAGE":"err%!(EXTRA *status.Error=rpc error: code = AlreadyExists desc = email exist, string=stackTrace, string=unknown)","UUID":"16fd553d-fff5-4072-8ff6-ec34b8a2bc24"}
{"LEVEL":"ERROR","TIME":"2025-01-16T11:47:19.253+0700","CALLER":"logger/logger.go:207","FUNC":"github.com/baothaihcmut/Ecommerce-Go/libs/pkg/logger.(*logger).Error","MESSAGE":"exit%!(EXTRA *errors.errorString=interrupt)","UUID":"16fd553d-fff5-4072-8ff6-ec34b8a2bc24"}
{"LEVEL":"INFO","TIME":"2025-01-16T11:53:49.417+0700","CALLER":"logger/logger.go:175","FUNC":"github.com/baothaihcmut/Ecommerce-Go/libs/pkg/logger.(*logger).Info","MESSAGE":"Server started successfully 🚀","UUID":"966e335c-8b46-4b46-b325-f704b4c4b130"}
{"LEVEL":"INFO","TIME":"2025-01-16T11:54:14.449+0700","CALLER":"logger/logger.go:175","FUNC":"github.com/baothaihcmut/Ecommerce-Go/libs/pkg/logger.(*logger).Info","MESSAGE":"Server started successfully 🚀","UUID":"6d865b91-8a8f-42e9-a5fc-4b179f74fa5c"}
{"LEVEL":"ERROR","TIME":"2025-01-16T11:54:29.963+0700","CALLER":"logger/logger.go:207","FUNC":"github.com/baothaihcmut/Ecommerce-Go/libs/pkg/logger.(*logger).Error","MESSAGE":"err%!(EXTRA *status.Error=rpc error: code = AlreadyExists desc = phone number exist, string=stackTrace, string=unknown)","UUID":"6d865b91-8a8f-42e9-a5fc-4b179f74fa5c"}
{"LEVEL":"INFO","TIME":"2025-01-16T11:55:54.323+0700","CALLER":"logger/logger.go:175","FUNC":"github.com/baothaihcmut/Ecommerce-Go/libs/pkg/logger.(*logger).Info","MESSAGE":"Server started successfully 🚀","UUID":"c20291dc-3636-4d40-b2cb-9e0a6773e191"}
{"LEVEL":"ERROR","TIME":"2025-01-16T11:56:00.611+0700","CALLER":"logger/logger.go:207","FUNC":"github.com/baothaihcmut/Ecommerce-Go/libs/pkg/logger.(*logger).Error","MESSAGE":"err%!(EXTRA *status.Error=rpc error: code = AlreadyExists desc = email exist, string=stackTrace, string=unknown)","UUID":"c20291dc-3636-4d40-b2cb-9e0a6773e191"}
{"LEVEL":"ERROR","TIME":"2025-01-16T11:56:05.821+0700","CALLER":"logger/logger.go:207","FUNC":"github.com/baothaihcmut/Ecommerce-Go/libs/pkg/logger.(*logger).Error","MESSAGE":"err%!(EXTRA *status.Error=rpc error: code = AlreadyExists desc = email exist, string=stackTrace, string=unknown)","UUID":"c20291dc-3636-4d40-b2cb-9e0a6773e191"}
{"LEVEL":"ERROR","TIME":"2025-01-16T11:56:08.366+0700","CALLER":"logger/logger.go:207","FUNC":"github.com/baothaihcmut/Ecommerce-Go/libs/pkg/logger.(*logger).Error","MESSAGE":"err%!(EXTRA *status.Error=rpc error: code = AlreadyExists desc = email exist, string=stackTrace, string=unknown)","UUID":"c20291dc-3636-4d40-b2cb-9e0a6773e191"}
{"LEVEL":"ERROR","TIME":"2025-01-16T11:56:11.311+0700","CALLER":"logger/logger.go:207","FUNC":"github.com/baothaihcmut/Ecommerce-Go/libs/pkg/logger.(*logger).Error","MESSAGE":"err%!(EXTRA *status.Error=rpc error: code = AlreadyExists desc = email exist, string=stackTrace, string=unknown)","UUID":"c20291dc-3636-4d40-b2cb-9e0a6773e191"}
{"LEVEL":"ERROR","TIME":"2025-01-16T11:56:38.063+0700","CALLER":"logger/logger.go:207","FUNC":"github.com/baothaihcmut/Ecommerce-Go/libs/pkg/logger.(*logger).Error","MESSAGE":"err%!(EXTRA *status.Error=rpc error: code = AlreadyExists desc = email exist, string=stackTrace, string=unknown)","UUID":"c20291dc-3636-4d40-b2cb-9e0a6773e191"}
{"LEVEL":"ERROR","TIME":"2025-01-16T11:57:20.183+0700","CALLER":"logger/logger.go:207","FUNC":"github.com/baothaihcmut/Ecommerce-Go/libs/pkg/logger.(*logger).Error","MESSAGE":"exit%!(EXTRA *errors.errorString=interrupt)","UUID":"c20291dc-3636-4d40-b2cb-9e0a6773e191"}
{"LEVEL":"INFO","TIME":"2025-01-16T11:57:31.006+0700","CALLER":"logger/logger.go:175","FUNC":"github.com/baothaihcmut/Ecommerce-Go/libs/pkg/logger.(*logger).Info","MESSAGE":"Server started successfully 🚀","UUID":"cb5c5480-ec0b-4a9a-9199-9808e69e2694"}
{"LEVEL":"ERROR","TIME":"2025-01-16T11:57:59.876+0700","CALLER":"logger/logger.go:207","FUNC":"github.com/baothaihcmut/Ecommerce-Go/libs/pkg/logger.(*logger).Error","MESSAGE":"err%!(EXTRA *status.Error=rpc error: code = AlreadyExists desc = email exist, string=stackTrace, string=unknown)","UUID":"cb5c5480-ec0b-4a9a-9199-9808e69e2694"}
{"LEVEL":"ERROR","TIME":"2025-01-16T11:58:15.445+0700","CALLER":"logger/logger.go:207","FUNC":"github.com/baothaihcmut/Ecommerce-Go/libs/pkg/logger.(*logger).Error","MESSAGE":"err%!(EXTRA *status.Error=rpc error: code = AlreadyExists desc = email exist, string=stackTrace, string=unknown)","UUID":"cb5c5480-ec0b-4a9a-9199-9808e69e2694"}
{"LEVEL":"ERROR","TIME":"2025-01-16T11:58:19.488+0700","CALLER":"logger/logger.go:207","FUNC":"github.com/baothaihcmut/Ecommerce-Go/libs/pkg/logger.(*logger).Error","MESSAGE":"err%!(EXTRA *status.Error=rpc error: code = AlreadyExists desc = email exist, string=stackTrace, string=unknown)","UUID":"cb5c5480-ec0b-4a9a-9199-9808e69e2694"}
{"LEVEL":"ERROR","TIME":"2025-01-16T11:58:26.322+0700","CALLER":"logger/logger.go:207","FUNC":"github.com/baothaihcmut/Ecommerce-Go/libs/pkg/logger.(*logger).Error","MESSAGE":"err%!(EXTRA *status.Error=rpc error: code = AlreadyExists desc = email exist, string=stackTrace, string=unknown)","UUID":"cb5c5480-ec0b-4a9a-9199-9808e69e2694"}
{"LEVEL":"ERROR","TIME":"2025-01-16T11:58:30.366+0700","CALLER":"logger/logger.go:207","FUNC":"github.com/baothaihcmut/Ecommerce-Go/libs/pkg/logger.(*logger).Error","MESSAGE":"err%!(EXTRA *status.Error=rpc error: code = AlreadyExists desc = email exist, string=stackTrace, string=unknown)","UUID":"cb5c5480-ec0b-4a9a-9199-9808e69e2694"}
{"LEVEL":"ERROR","TIME":"2025-01-16T11:58:59.941+0700","CALLER":"logger/logger.go:207","FUNC":"github.com/baothaihcmut/Ecommerce-Go/libs/pkg/logger.(*logger).Error","MESSAGE":"exit%!(EXTRA *errors.errorString=interrupt)","UUID":"cb5c5480-ec0b-4a9a-9199-9808e69e2694"}
{"LEVEL":"INFO","TIME":"2025-01-16T11:59:02.742+0700","CALLER":"logger/logger.go:175","FUNC":"github.com/baothaihcmut/Ecommerce-Go/libs/pkg/logger.(*logger).Info","MESSAGE":"Server started successfully 🚀","UUID":"1f628398-d8de-44ec-bd82-50f805c9151d"}
{"LEVEL":"ERROR","TIME":"2025-01-16T11:59:06.711+0700","CALLER":"logger/logger.go:207","FUNC":"github.com/baothaihcmut/Ecommerce-Go/libs/pkg/logger.(*logger).Error","MESSAGE":"err%!(EXTRA *status.Error=rpc error: code = AlreadyExists desc = email exist, string=stackTrace, string=unknown)","UUID":"1f628398-d8de-44ec-bd82-50f805c9151d"}
{"LEVEL":"ERROR","TIME":"2025-01-16T11:59:14.372+0700","CALLER":"logger/logger.go:207","FUNC":"github.com/baothaihcmut/Ecommerce-Go/libs/pkg/logger.(*logger).Error","MESSAGE":"exit%!(EXTRA *errors.errorString=interrupt)","UUID":"1f628398-d8de-44ec-bd82-50f805c9151d"}
{"LEVEL":"INFO","TIME":"2025-01-16T12:52:30.368+0700","CALLER":"logger/logger.go:175","FUNC":"github.com/baothaihcmut/Ecommerce-Go/libs/pkg/logger.(*logger).Info","MESSAGE":"Server started successfully 🚀","UUID":"df05c803-4188-4334-a057-83fbb8776583"}
{"LEVEL":"ERROR","TIME":"2025-01-16T12:55:49.215+0700","CALLER":"logger/logger.go:207","FUNC":"github.com/baothaihcmut/Ecommerce-Go/libs/pkg/logger.(*logger).Error","MESSAGE":"exit%!(EXTRA *errors.errorString=interrupt)","UUID":"df05c803-4188-4334-a057-83fbb8776583"}
{"LEVEL":"INFO","TIME":"2025-01-16T12:55:51.760+0700","CALLER":"logger/logger.go:175","FUNC":"github.com/baothaihcmut/Ecommerce-Go/libs/pkg/logger.(*logger).Info","MESSAGE":"Server started successfully 🚀","UUID":"f6e56041-f31c-4b0a-b742-3a1145318bd7"}
{"LEVEL":"ERROR","TIME":"2025-01-16T13:18:44.700+0700","CALLER":"logger/logger.go:207","FUNC":"github.com/baothaihcmut/Ecommerce-Go/libs/pkg/logger.(*logger).Error","MESSAGE":"exit%!(EXTRA *errors.errorString=interrupt)","UUID":"f6e56041-f31c-4b0a-b742-3a1145318bd7"}
{"LEVEL":"DPANIC","TIME":"2025-01-30T18:41:05.591+0700","CALLER":"logger/logger.go:227","FUNC":"github.com/baothaihcmut/Ecommerce-Go/libs/pkg/logger.(*logger).DPanicf","MESSAGE":"Failed to ping db: dial tcp [::1]:5432: connect: connection refused"}
{"LEVEL":"ERROR","TIME":"2025-01-30T18:41:05.594+0700","CALLER":"logger/logger.go:207","FUNC":"github.com/baothaihcmut/Ecommerce-Go/libs/pkg/logger.(*logger).Error","MESSAGE":"msg%!(EXTRA string=failed to register service, string=err, *url.Error=Put \"http://localhost:8500/v1/agent/service/register\": dial tcp [::1]:8500: connect: connection refused)","UUID":"af4fefdf-eca6-4b11-8545-f26557542eaf"}
{"LEVEL":"DPANIC","TIME":"2025-01-30T18:42:23.956+0700","CALLER":"logger/logger.go:227","FUNC":"github.com/baothaihcmut/Ecommerce-Go/libs/pkg/logger.(*logger).DPanicf","MESSAGE":"Failed to ping db: dial tcp [::1]:5432: connect: connection refused"}
{"LEVEL":"INFO","TIME":"2025-01-30T18:42:23.957+0700","CALLER":"logger/logger.go:175","FUNC":"github.com/baothaihcmut/Ecommerce-Go/libs/pkg/logger.(*logger).Info","MESSAGE":"Server started successfully 🚀","UUID":"4148d168-b8b9-496b-9ef2-790c9cd546bf"}
{"LEVEL":"ERROR","TIME":"2025-01-30T18:42:30.286+0700","CALLER":"logger/logger.go:207","FUNC":"github.com/baothaihcmut/Ecommerce-Go/libs/pkg/logger.(*logger).Error","MESSAGE":"exit%!(EXTRA *errors.errorString=interrupt)","UUID":"4148d168-b8b9-496b-9ef2-790c9cd546bf"}
